<?xml version="1.0" encoding="UTF-8" ?>
<testsuite tests="29" failures="0" name="com.sg.superherosightings.dao.DaoTest" time="9.685" errors="0" skipped="0">
  <properties>
    <property name="java.runtime.name" value="Java(TM) SE Runtime Environment"/>
    <property name="sun.boot.library.path" value="C:\Program Files\Java\jdk1.8.0_181\jre\bin"/>
    <property name="java.vm.version" value="25.181-b13"/>
    <property name="java.vm.vendor" value="Oracle Corporation"/>
    <property name="maven.multiModuleProjectDirectory" value="C:\Users\patty\Desktop\patrick-beauchamp-individual-work\SuperHeroSightings"/>
    <property name="java.vendor.url" value="http://java.oracle.com/"/>
    <property name="path.separator" value=";"/>
    <property name="guice.disable.misplaced.annotation.check" value="true"/>
    <property name="java.vm.name" value="Java HotSpot(TM) 64-Bit Server VM"/>
    <property name="file.encoding.pkg" value="sun.io"/>
    <property name="user.script" value=""/>
    <property name="user.country" value="US"/>
    <property name="sun.java.launcher" value="SUN_STANDARD"/>
    <property name="sun.os.patch.level" value=""/>
    <property name="java.vm.specification.name" value="Java Virtual Machine Specification"/>
    <property name="user.dir" value="C:\Users\patty\Desktop\patrick-beauchamp-individual-work\SuperHeroSightings"/>
    <property name="java.runtime.version" value="1.8.0_181-b13"/>
    <property name="java.awt.graphicsenv" value="sun.awt.Win32GraphicsEnvironment"/>
    <property name="java.endorsed.dirs" value="C:\Program Files\Java\jdk1.8.0_181\jre\lib\endorsed"/>
    <property name="os.arch" value="amd64"/>
    <property name="java.io.tmpdir" value="C:\Users\patty\AppData\Local\Temp\"/>
    <property name="line.separator" value="
"/>
    <property name="java.vm.specification.vendor" value="Oracle Corporation"/>
    <property name="user.variant" value=""/>
    <property name="os.name" value="Windows 10"/>
    <property name="maven.ext.class.path" value="C:\Program Files\NetBeans 8.2\java\maven-nblib\netbeans-eventspy.jar"/>
    <property name="classworlds.conf" value="C:\Program Files\apache-maven-3.3.1\bin\m2.conf"/>
    <property name="sun.jnu.encoding" value="Cp1252"/>
    <property name="java.library.path" value="C:\Program Files\Java\jdk1.8.0_181\bin;C:\WINDOWS\Sun\Java\bin;C:\WINDOWS\system32;C:\WINDOWS;C:\Program Files\Microsoft MPI\Bin\;C:\Program Files (x86)\Intel\Intel(R) Management Engine Components\iCLS\;C:\Program Files\Intel\Intel(R) Management Engine Components\iCLS\;C:\Windows\system32;C:\Windows;C:\Windows\System32\Wbem;C:\Windows\System32\WindowsPowerShell\v1.0\;C:\Program Files (x86)\Intel\Intel(R) Management Engine Components\DAL;C:\Program Files\Intel\Intel(R) Management Engine Components\DAL;C:\Program Files (x86)\Intel\Intel(R) Management Engine Components\IPT;C:\Program Files\Intel\Intel(R) Management Engine Components\IPT;C:\Program Files (x86)\NVIDIA Corporation\PhysX\Common;C:\Program Files\Git\cmd;C:\Program Files\Java\jdk1.8.0_181\bin\;C:\WINDOWS\system32;C:\WINDOWS;C:\WINDOWS\System32\Wbem;C:\WINDOWS\System32\WindowsPowerShell\v1.0\;C:\WINDOWS\System32\OpenSSH\;C:\Program Files\Intel\WiFi\bin\;C:\Program Files\Common Files\Intel\WirelessCommon\;c:\program files\apache-maven-3.3.1\bin;C:\Program Files (x86)\Symantec\VIP Access Client\;C:\Program Files\MySQL\MySQL Utilities 1.6\;C:\Program Files\dotnet\;C:\Program Files\Microsoft SQL Server\130\Tools\Binn\;C:\Users\patty\AppData\Local\Microsoft\WindowsApps;C:\Users\patty\AppData\Local\atom\bin;."/>
    <property name="java.specification.name" value="Java Platform API Specification"/>
    <property name="java.class.version" value="52.0"/>
    <property name="sun.management.compiler" value="HotSpot 64-Bit Tiered Compilers"/>
    <property name="os.version" value="10.0"/>
    <property name="user.home" value="C:\Users\patty"/>
    <property name="user.timezone" value="America/New_York"/>
    <property name="java.awt.printerjob" value="sun.awt.windows.WPrinterJob"/>
    <property name="java.specification.version" value="1.8"/>
    <property name="file.encoding" value="Cp1252"/>
    <property name="user.name" value="patty"/>
    <property name="java.class.path" value="C:\Program Files\apache-maven-3.3.1\boot\plexus-classworlds-2.5.2.jar"/>
    <property name="java.vm.specification.version" value="1.8"/>
    <property name="sun.arch.data.model" value="64"/>
    <property name="java.home" value="C:\Program Files\Java\jdk1.8.0_181\jre"/>
    <property name="sun.java.command" value="org.codehaus.plexus.classworlds.launcher.Launcher -Dmaven.ext.class.path=C:\Program Files\NetBeans 8.2\java\maven-nblib\netbeans-eventspy.jar clean install"/>
    <property name="java.specification.vendor" value="Oracle Corporation"/>
    <property name="user.language" value="en"/>
    <property name="awt.toolkit" value="sun.awt.windows.WToolkit"/>
    <property name="java.vm.info" value="mixed mode"/>
    <property name="java.version" value="1.8.0_181"/>
    <property name="java.ext.dirs" value="C:\Program Files\Java\jdk1.8.0_181\jre\lib\ext;C:\WINDOWS\Sun\Java\lib\ext"/>
    <property name="sun.boot.class.path" value="C:\Program Files\Java\jdk1.8.0_181\jre\lib\resources.jar;C:\Program Files\Java\jdk1.8.0_181\jre\lib\rt.jar;C:\Program Files\Java\jdk1.8.0_181\jre\lib\sunrsasign.jar;C:\Program Files\Java\jdk1.8.0_181\jre\lib\jsse.jar;C:\Program Files\Java\jdk1.8.0_181\jre\lib\jce.jar;C:\Program Files\Java\jdk1.8.0_181\jre\lib\charsets.jar;C:\Program Files\Java\jdk1.8.0_181\jre\lib\jfr.jar;C:\Program Files\Java\jdk1.8.0_181\jre\classes"/>
    <property name="java.vendor" value="Oracle Corporation"/>
    <property name="maven.home" value="C:\Program Files\apache-maven-3.3.1"/>
    <property name="file.separator" value="\"/>
    <property name="java.vendor.url.bug" value="http://bugreport.sun.com/bugreport/"/>
    <property name="sun.cpu.endian" value="little"/>
    <property name="sun.io.unicode.encoding" value="UnicodeLittle"/>
    <property name="sun.desktop" value="windows"/>
    <property name="sun.cpu.isalist" value="amd64"/>
  </properties>
  <testcase classname="com.sg.superherosightings.dao.DaoTest" name="testDeletePower" time="1.374"/>
  <testcase classname="com.sg.superherosightings.dao.DaoTest" name="testDeleteLocation" time="0.188"/>
  <testcase classname="com.sg.superherosightings.dao.DaoTest" name="testAddSighting" time="0.332"/>
  <testcase classname="com.sg.superherosightings.dao.DaoTest" name="testUpdateOrg" time="0.554"/>
  <testcase classname="com.sg.superherosightings.dao.DaoTest" name="testUpdatePower" time="0.306"/>
  <testcase classname="com.sg.superherosightings.dao.DaoTest" name="testGetMutantsByOrgId" time="0.226"/>
  <testcase classname="com.sg.superherosightings.dao.DaoTest" name="testGetOrgById" time="0.6"/>
  <testcase classname="com.sg.superherosightings.dao.DaoTest" name="testGetAllSightings" time="0.367"/>
  <testcase classname="com.sg.superherosightings.dao.DaoTest" name="testGetAllOrgs" time="0.391"/>
  <testcase classname="com.sg.superherosightings.dao.DaoTest" name="testAddPower" time="0.116"/>
  <testcase classname="com.sg.superherosightings.dao.DaoTest" name="testGetSightingById" time="0.211"/>
  <testcase classname="com.sg.superherosightings.dao.DaoTest" name="testUpdateMutant" time="0.306"/>
  <testcase classname="com.sg.superherosightings.dao.DaoTest" name="testUpdateSighting" time="0.359"/>
  <testcase classname="com.sg.superherosightings.dao.DaoTest" name="testGetSightingsByDate" time="0.385"/>
  <testcase classname="com.sg.superherosightings.dao.DaoTest" name="testGetMutantById" time="0.265"/>
  <testcase classname="com.sg.superherosightings.dao.DaoTest" name="testDeleteMutant" time="0.291"/>
  <testcase classname="com.sg.superherosightings.dao.DaoTest" name="testGetAllMutants" time="0.299"/>
  <testcase classname="com.sg.superherosightings.dao.DaoTest" name="testGetMutantsByLocationId" time="0.291"/>
  <testcase classname="com.sg.superherosightings.dao.DaoTest" name="testAddLocation" time="0.643"/>
  <testcase classname="com.sg.superherosightings.dao.DaoTest" name="testDeleteOrg" time="0.408"/>
  <testcase classname="com.sg.superherosightings.dao.DaoTest" name="testGetAllPowers" time="0.112"/>
  <testcase classname="com.sg.superherosightings.dao.DaoTest" name="testAddMutant" time="0.194"/>
  <testcase classname="com.sg.superherosightings.dao.DaoTest" name="testGetLocationsByMutantId" time="0.3"/>
  <testcase classname="com.sg.superherosightings.dao.DaoTest" name="testAddOrg" time="0.233"/>
  <testcase classname="com.sg.superherosightings.dao.DaoTest" name="testDeleteSighting" time="0.267"/>
  <testcase classname="com.sg.superherosightings.dao.DaoTest" name="testGetAllLocations" time="0.267"/>
  <testcase classname="com.sg.superherosightings.dao.DaoTest" name="testGetLocationById" time="0.124"/>
  <testcase classname="com.sg.superherosightings.dao.DaoTest" name="testUpdateLocation" time="0.142"/>
  <testcase classname="com.sg.superherosightings.dao.DaoTest" name="testGetPowerById" time="0.134"/>
</testsuite>